find_header: checking for prism.h in C:/Users/georg_0mijctp/OneDrive/Desktop/photo_app/vendor/bundle/ruby/3.4.0/gems/prism-1.4.0/include... -------------------- yes

PATH=".;C:/Ruby34-x64/lib;C:\Ruby34-x64\bin;C:\Ruby34-x64\msys64\ucrt64\bin;C:\Ruby34-x64\msys64\usr\bin;C:\Ruby32-x64\bin;C:\Program Files (x86)\Common Files\Oracle\Java\javapath;C:\Program Files (x86)\Razer Chroma SDK\bin;C:\Program Files\Razer Chroma SDK\bin;C:\Program Files (x86)\Razer\ChromaBroadcast\bin;C:\Program Files\Razer\ChromaBroadcast\bin;C:\Windows\system32\config\systemprofile\AppData\Local\Microsoft\WindowsApps;C:\Program Files\NVIDIA Corporation\NVIDIA NvDLISR;C:\WINDOWS\system32;C:\WINDOWS;C:\WINDOWS\System32\Wbem;C:\WINDOWS\System32\WindowsPowerShell\v1.0\;C:\WINDOWS\System32\OpenSSH\;C:\Users\Georg\AppData\Local\Microsoft\WindowsApps;D:\Coding Software\;C:\WINDOWS\system32;C:\WINDOWS;C:\WINDOWS\System32\Wbem;C:\WINDOWS\System32\WindowsPowerShell\v1.0\;C:\WINDOWS\System32\OpenSSH\;C:\Program Files (x86)\NVIDIA Corporation\PhysX\Common;C:\Program Files\PowerShell\7\;C:\Program Files\dotnet\;C:\Program Files (x86)\Yarn\bin\;C:\Program Files\GitHub CLI\;C:\Program Files\Git\cmd;C:\Ruby34-x64\bin;C:\Ruby34-arm\bin;C:\Ruby33-x64\bin;C:\Ruby26-x64\bin;D:\Coding Software\Anaconda;D:\Coding Software\Anaconda\Library\mingw-w64\bin;D:\Coding Software\Anaconda\Library\usr\bin;D:\Coding Software\Anaconda\Library\bin;D:\Coding Software\Anaconda\Scripts;D:\Coding Software\Anaconda5;D:\Coding Software\Anaconda5\Library\mingw-w64\bin;D:\Coding Software\Anaconda5\Library\usr\bin;D:\Coding Software\Anaconda5\Library\bin;D:\Coding Software\Anaconda5\Scripts;C:\Users\georg_0mijctp\AppData\Local\Microsoft\WindowsApps;C:\Users\georg_0mijctp\AppData\Local\atom\bin;D:\Coding Software\Microsoft VS Code\bin;C:\Users\georg_0mijctp\AppData\Local\Microsoft\WindowsApps;C:\Users\georg_0mijctp\AppData\Local\Programs\MiKTeX\miktex\bin\x64\;C:\Users\georg_0mijctp\AppData\Local\Yarn\bin;C:\Users\georg_0mijctp\AppData\Roaming\npm;C:\Users\georg_0mijctp\AppData\Local\Programs\Git\cmd" ASAN_OPTIONS=detect_leaks=0 "gcc -o conftest.exe -IC:/Ruby34-x64/include/ruby-3.4.0/x64-mingw-ucrt -IC:/Ruby34-x64/include/ruby-3.4.0/ruby/backward -IC:/Ruby34-x64/include/ruby-3.4.0 -I. -D_WIN32_WINNT=0x0600 -D__MINGW_USE_VC2005_COMPAT -D_FILE_OFFSET_BITS=64  -O3 -fstack-protector-strong conftest.c -L. -LC:/Ruby34-x64/lib -L. -pipe -s -fstack-protector-strong -Wl,--no-as-needed     -lx64-ucrt-ruby340  -lshell32 -lws2_32 -liphlpapi -limagehlp -lshlwapi -lbcrypt  "
checked program was:
/* begin */
1: #include "ruby.h"
2: 
3: #include <winsock2.h>
4: #include <windows.h>
5: int main(int argc, char **argv)
6: {
7:   return !!argv[argc];
8: }
/* end */

PATH=".;C:/Ruby34-x64/lib;C:\Ruby34-x64\bin;C:\Ruby34-x64\msys64\ucrt64\bin;C:\Ruby34-x64\msys64\usr\bin;C:\Ruby32-x64\bin;C:\Program Files (x86)\Common Files\Oracle\Java\javapath;C:\Program Files (x86)\Razer Chroma SDK\bin;C:\Program Files\Razer Chroma SDK\bin;C:\Program Files (x86)\Razer\ChromaBroadcast\bin;C:\Program Files\Razer\ChromaBroadcast\bin;C:\Windows\system32\config\systemprofile\AppData\Local\Microsoft\WindowsApps;C:\Program Files\NVIDIA Corporation\NVIDIA NvDLISR;C:\WINDOWS\system32;C:\WINDOWS;C:\WINDOWS\System32\Wbem;C:\WINDOWS\System32\WindowsPowerShell\v1.0\;C:\WINDOWS\System32\OpenSSH\;C:\Users\Georg\AppData\Local\Microsoft\WindowsApps;D:\Coding Software\;C:\WINDOWS\system32;C:\WINDOWS;C:\WINDOWS\System32\Wbem;C:\WINDOWS\System32\WindowsPowerShell\v1.0\;C:\WINDOWS\System32\OpenSSH\;C:\Program Files (x86)\NVIDIA Corporation\PhysX\Common;C:\Program Files\PowerShell\7\;C:\Program Files\dotnet\;C:\Program Files (x86)\Yarn\bin\;C:\Program Files\GitHub CLI\;C:\Program Files\Git\cmd;C:\Ruby34-x64\bin;C:\Ruby34-arm\bin;C:\Ruby33-x64\bin;C:\Ruby26-x64\bin;D:\Coding Software\Anaconda;D:\Coding Software\Anaconda\Library\mingw-w64\bin;D:\Coding Software\Anaconda\Library\usr\bin;D:\Coding Software\Anaconda\Library\bin;D:\Coding Software\Anaconda\Scripts;D:\Coding Software\Anaconda5;D:\Coding Software\Anaconda5\Library\mingw-w64\bin;D:\Coding Software\Anaconda5\Library\usr\bin;D:\Coding Software\Anaconda5\Library\bin;D:\Coding Software\Anaconda5\Scripts;C:\Users\georg_0mijctp\AppData\Local\Microsoft\WindowsApps;C:\Users\georg_0mijctp\AppData\Local\atom\bin;D:\Coding Software\Microsoft VS Code\bin;C:\Users\georg_0mijctp\AppData\Local\Microsoft\WindowsApps;C:\Users\georg_0mijctp\AppData\Local\Programs\MiKTeX\miktex\bin\x64\;C:\Users\georg_0mijctp\AppData\Local\Yarn\bin;C:\Users\georg_0mijctp\AppData\Roaming\npm;C:\Users\georg_0mijctp\AppData\Local\Programs\Git\cmd" ASAN_OPTIONS=detect_leaks=0 "gcc -IC:/Ruby34-x64/include/ruby-3.4.0/x64-mingw-ucrt -IC:/Ruby34-x64/include/ruby-3.4.0/ruby/backward -IC:/Ruby34-x64/include/ruby-3.4.0 -I. -D_WIN32_WINNT=0x0600 -D__MINGW_USE_VC2005_COMPAT -D_FILE_OFFSET_BITS=64  -O3 -fstack-protector-strong   -c conftest.c"
conftest.c:5:10: fatal error: prism.h: No such file or directory
    5 | #include <prism.h>
      |          ^~~~~~~~~
compilation terminated.
checked program was:
/* begin */
1: #include "ruby.h"
2: 
3: #include <winsock2.h>
4: #include <windows.h>
5: #include <prism.h>
/* end */

PATH=".;C:/Ruby34-x64/lib;C:\Ruby34-x64\bin;C:\Ruby34-x64\msys64\ucrt64\bin;C:\Ruby34-x64\msys64\usr\bin;C:\Ruby32-x64\bin;C:\Program Files (x86)\Common Files\Oracle\Java\javapath;C:\Program Files (x86)\Razer Chroma SDK\bin;C:\Program Files\Razer Chroma SDK\bin;C:\Program Files (x86)\Razer\ChromaBroadcast\bin;C:\Program Files\Razer\ChromaBroadcast\bin;C:\Windows\system32\config\systemprofile\AppData\Local\Microsoft\WindowsApps;C:\Program Files\NVIDIA Corporation\NVIDIA NvDLISR;C:\WINDOWS\system32;C:\WINDOWS;C:\WINDOWS\System32\Wbem;C:\WINDOWS\System32\WindowsPowerShell\v1.0\;C:\WINDOWS\System32\OpenSSH\;C:\Users\Georg\AppData\Local\Microsoft\WindowsApps;D:\Coding Software\;C:\WINDOWS\system32;C:\WINDOWS;C:\WINDOWS\System32\Wbem;C:\WINDOWS\System32\WindowsPowerShell\v1.0\;C:\WINDOWS\System32\OpenSSH\;C:\Program Files (x86)\NVIDIA Corporation\PhysX\Common;C:\Program Files\PowerShell\7\;C:\Program Files\dotnet\;C:\Program Files (x86)\Yarn\bin\;C:\Program Files\GitHub CLI\;C:\Program Files\Git\cmd;C:\Ruby34-x64\bin;C:\Ruby34-arm\bin;C:\Ruby33-x64\bin;C:\Ruby26-x64\bin;D:\Coding Software\Anaconda;D:\Coding Software\Anaconda\Library\mingw-w64\bin;D:\Coding Software\Anaconda\Library\usr\bin;D:\Coding Software\Anaconda\Library\bin;D:\Coding Software\Anaconda\Scripts;D:\Coding Software\Anaconda5;D:\Coding Software\Anaconda5\Library\mingw-w64\bin;D:\Coding Software\Anaconda5\Library\usr\bin;D:\Coding Software\Anaconda5\Library\bin;D:\Coding Software\Anaconda5\Scripts;C:\Users\georg_0mijctp\AppData\Local\Microsoft\WindowsApps;C:\Users\georg_0mijctp\AppData\Local\atom\bin;D:\Coding Software\Microsoft VS Code\bin;C:\Users\georg_0mijctp\AppData\Local\Microsoft\WindowsApps;C:\Users\georg_0mijctp\AppData\Local\Programs\MiKTeX\miktex\bin\x64\;C:\Users\georg_0mijctp\AppData\Local\Yarn\bin;C:\Users\georg_0mijctp\AppData\Roaming\npm;C:\Users\georg_0mijctp\AppData\Local\Programs\Git\cmd" ASAN_OPTIONS=detect_leaks=0 "gcc -IC:/Ruby34-x64/include/ruby-3.4.0/x64-mingw-ucrt -IC:/Ruby34-x64/include/ruby-3.4.0/ruby/backward -IC:/Ruby34-x64/include/ruby-3.4.0 -I. -D_WIN32_WINNT=0x0600 -D__MINGW_USE_VC2005_COMPAT -D_FILE_OFFSET_BITS=64  -O3 -fstack-protector-strong  -IC:/Users/georg_0mijctp/OneDrive/Desktop/photo_app/vendor/bundle/ruby/3.4.0/gems/prism-1.4.0/include -c conftest.c"
checked program was:
/* begin */
1: #include "ruby.h"
2: 
3: #include <winsock2.h>
4: #include <windows.h>
5: #include <prism.h>
/* end */

--------------------

find_header: checking for prism/extension.h in C:/Users/georg_0mijctp/OneDrive/Desktop/photo_app/vendor/bundle/ruby/3.4.0/gems/prism-1.4.0/ext... -------------------- yes

PATH=".;C:/Ruby34-x64/lib;C:\Ruby34-x64\bin;C:\Ruby34-x64\msys64\ucrt64\bin;C:\Ruby34-x64\msys64\usr\bin;C:\Ruby32-x64\bin;C:\Program Files (x86)\Common Files\Oracle\Java\javapath;C:\Program Files (x86)\Razer Chroma SDK\bin;C:\Program Files\Razer Chroma SDK\bin;C:\Program Files (x86)\Razer\ChromaBroadcast\bin;C:\Program Files\Razer\ChromaBroadcast\bin;C:\Windows\system32\config\systemprofile\AppData\Local\Microsoft\WindowsApps;C:\Program Files\NVIDIA Corporation\NVIDIA NvDLISR;C:\WINDOWS\system32;C:\WINDOWS;C:\WINDOWS\System32\Wbem;C:\WINDOWS\System32\WindowsPowerShell\v1.0\;C:\WINDOWS\System32\OpenSSH\;C:\Users\Georg\AppData\Local\Microsoft\WindowsApps;D:\Coding Software\;C:\WINDOWS\system32;C:\WINDOWS;C:\WINDOWS\System32\Wbem;C:\WINDOWS\System32\WindowsPowerShell\v1.0\;C:\WINDOWS\System32\OpenSSH\;C:\Program Files (x86)\NVIDIA Corporation\PhysX\Common;C:\Program Files\PowerShell\7\;C:\Program Files\dotnet\;C:\Program Files (x86)\Yarn\bin\;C:\Program Files\GitHub CLI\;C:\Program Files\Git\cmd;C:\Ruby34-x64\bin;C:\Ruby34-arm\bin;C:\Ruby33-x64\bin;C:\Ruby26-x64\bin;D:\Coding Software\Anaconda;D:\Coding Software\Anaconda\Library\mingw-w64\bin;D:\Coding Software\Anaconda\Library\usr\bin;D:\Coding Software\Anaconda\Library\bin;D:\Coding Software\Anaconda\Scripts;D:\Coding Software\Anaconda5;D:\Coding Software\Anaconda5\Library\mingw-w64\bin;D:\Coding Software\Anaconda5\Library\usr\bin;D:\Coding Software\Anaconda5\Library\bin;D:\Coding Software\Anaconda5\Scripts;C:\Users\georg_0mijctp\AppData\Local\Microsoft\WindowsApps;C:\Users\georg_0mijctp\AppData\Local\atom\bin;D:\Coding Software\Microsoft VS Code\bin;C:\Users\georg_0mijctp\AppData\Local\Microsoft\WindowsApps;C:\Users\georg_0mijctp\AppData\Local\Programs\MiKTeX\miktex\bin\x64\;C:\Users\georg_0mijctp\AppData\Local\Yarn\bin;C:\Users\georg_0mijctp\AppData\Roaming\npm;C:\Users\georg_0mijctp\AppData\Local\Programs\Git\cmd" ASAN_OPTIONS=detect_leaks=0 "gcc -IC:/Ruby34-x64/include/ruby-3.4.0/x64-mingw-ucrt -IC:/Ruby34-x64/include/ruby-3.4.0/ruby/backward -IC:/Ruby34-x64/include/ruby-3.4.0 -I. -IC:/Users/georg_0mijctp/OneDrive/Desktop/photo_app/vendor/bundle/ruby/3.4.0/gems/prism-1.4.0/include -D_WIN32_WINNT=0x0600 -D__MINGW_USE_VC2005_COMPAT -D_FILE_OFFSET_BITS=64  -O3 -fstack-protector-strong   -c conftest.c"
conftest.c:5:10: fatal error: prism/extension.h: No such file or directory
    5 | #include <prism/extension.h>
      |          ^~~~~~~~~~~~~~~~~~~
compilation terminated.
checked program was:
/* begin */
1: #include "ruby.h"
2: 
3: #include <winsock2.h>
4: #include <windows.h>
5: #include <prism/extension.h>
/* end */

PATH=".;C:/Ruby34-x64/lib;C:\Ruby34-x64\bin;C:\Ruby34-x64\msys64\ucrt64\bin;C:\Ruby34-x64\msys64\usr\bin;C:\Ruby32-x64\bin;C:\Program Files (x86)\Common Files\Oracle\Java\javapath;C:\Program Files (x86)\Razer Chroma SDK\bin;C:\Program Files\Razer Chroma SDK\bin;C:\Program Files (x86)\Razer\ChromaBroadcast\bin;C:\Program Files\Razer\ChromaBroadcast\bin;C:\Windows\system32\config\systemprofile\AppData\Local\Microsoft\WindowsApps;C:\Program Files\NVIDIA Corporation\NVIDIA NvDLISR;C:\WINDOWS\system32;C:\WINDOWS;C:\WINDOWS\System32\Wbem;C:\WINDOWS\System32\WindowsPowerShell\v1.0\;C:\WINDOWS\System32\OpenSSH\;C:\Users\Georg\AppData\Local\Microsoft\WindowsApps;D:\Coding Software\;C:\WINDOWS\system32;C:\WINDOWS;C:\WINDOWS\System32\Wbem;C:\WINDOWS\System32\WindowsPowerShell\v1.0\;C:\WINDOWS\System32\OpenSSH\;C:\Program Files (x86)\NVIDIA Corporation\PhysX\Common;C:\Program Files\PowerShell\7\;C:\Program Files\dotnet\;C:\Program Files (x86)\Yarn\bin\;C:\Program Files\GitHub CLI\;C:\Program Files\Git\cmd;C:\Ruby34-x64\bin;C:\Ruby34-arm\bin;C:\Ruby33-x64\bin;C:\Ruby26-x64\bin;D:\Coding Software\Anaconda;D:\Coding Software\Anaconda\Library\mingw-w64\bin;D:\Coding Software\Anaconda\Library\usr\bin;D:\Coding Software\Anaconda\Library\bin;D:\Coding Software\Anaconda\Scripts;D:\Coding Software\Anaconda5;D:\Coding Software\Anaconda5\Library\mingw-w64\bin;D:\Coding Software\Anaconda5\Library\usr\bin;D:\Coding Software\Anaconda5\Library\bin;D:\Coding Software\Anaconda5\Scripts;C:\Users\georg_0mijctp\AppData\Local\Microsoft\WindowsApps;C:\Users\georg_0mijctp\AppData\Local\atom\bin;D:\Coding Software\Microsoft VS Code\bin;C:\Users\georg_0mijctp\AppData\Local\Microsoft\WindowsApps;C:\Users\georg_0mijctp\AppData\Local\Programs\MiKTeX\miktex\bin\x64\;C:\Users\georg_0mijctp\AppData\Local\Yarn\bin;C:\Users\georg_0mijctp\AppData\Roaming\npm;C:\Users\georg_0mijctp\AppData\Local\Programs\Git\cmd" ASAN_OPTIONS=detect_leaks=0 "gcc -IC:/Ruby34-x64/include/ruby-3.4.0/x64-mingw-ucrt -IC:/Ruby34-x64/include/ruby-3.4.0/ruby/backward -IC:/Ruby34-x64/include/ruby-3.4.0 -I. -IC:/Users/georg_0mijctp/OneDrive/Desktop/photo_app/vendor/bundle/ruby/3.4.0/gems/prism-1.4.0/include -D_WIN32_WINNT=0x0600 -D__MINGW_USE_VC2005_COMPAT -D_FILE_OFFSET_BITS=64  -O3 -fstack-protector-strong  -IC:/Users/georg_0mijctp/OneDrive/Desktop/photo_app/vendor/bundle/ruby/3.4.0/gems/prism-1.4.0/ext -c conftest.c"
checked program was:
/* begin */
1: #include "ruby.h"
2: 
3: #include <winsock2.h>
4: #include <windows.h>
5: #include <prism/extension.h>
/* end */

--------------------

append_cflags: checking for whether -fvisibility=hidden is accepted as CFLAGS... -------------------- yes

PATH=".;C:/Ruby34-x64/lib;C:\Ruby34-x64\bin;C:\Ruby34-x64\msys64\ucrt64\bin;C:\Ruby34-x64\msys64\usr\bin;C:\Ruby32-x64\bin;C:\Program Files (x86)\Common Files\Oracle\Java\javapath;C:\Program Files (x86)\Razer Chroma SDK\bin;C:\Program Files\Razer Chroma SDK\bin;C:\Program Files (x86)\Razer\ChromaBroadcast\bin;C:\Program Files\Razer\ChromaBroadcast\bin;C:\Windows\system32\config\systemprofile\AppData\Local\Microsoft\WindowsApps;C:\Program Files\NVIDIA Corporation\NVIDIA NvDLISR;C:\WINDOWS\system32;C:\WINDOWS;C:\WINDOWS\System32\Wbem;C:\WINDOWS\System32\WindowsPowerShell\v1.0\;C:\WINDOWS\System32\OpenSSH\;C:\Users\Georg\AppData\Local\Microsoft\WindowsApps;D:\Coding Software\;C:\WINDOWS\system32;C:\WINDOWS;C:\WINDOWS\System32\Wbem;C:\WINDOWS\System32\WindowsPowerShell\v1.0\;C:\WINDOWS\System32\OpenSSH\;C:\Program Files (x86)\NVIDIA Corporation\PhysX\Common;C:\Program Files\PowerShell\7\;C:\Program Files\dotnet\;C:\Program Files (x86)\Yarn\bin\;C:\Program Files\GitHub CLI\;C:\Program Files\Git\cmd;C:\Ruby34-x64\bin;C:\Ruby34-arm\bin;C:\Ruby33-x64\bin;C:\Ruby26-x64\bin;D:\Coding Software\Anaconda;D:\Coding Software\Anaconda\Library\mingw-w64\bin;D:\Coding Software\Anaconda\Library\usr\bin;D:\Coding Software\Anaconda\Library\bin;D:\Coding Software\Anaconda\Scripts;D:\Coding Software\Anaconda5;D:\Coding Software\Anaconda5\Library\mingw-w64\bin;D:\Coding Software\Anaconda5\Library\usr\bin;D:\Coding Software\Anaconda5\Library\bin;D:\Coding Software\Anaconda5\Scripts;C:\Users\georg_0mijctp\AppData\Local\Microsoft\WindowsApps;C:\Users\georg_0mijctp\AppData\Local\atom\bin;D:\Coding Software\Microsoft VS Code\bin;C:\Users\georg_0mijctp\AppData\Local\Microsoft\WindowsApps;C:\Users\georg_0mijctp\AppData\Local\Programs\MiKTeX\miktex\bin\x64\;C:\Users\georg_0mijctp\AppData\Local\Yarn\bin;C:\Users\georg_0mijctp\AppData\Roaming\npm;C:\Users\georg_0mijctp\AppData\Local\Programs\Git\cmd" ASAN_OPTIONS=detect_leaks=0 "gcc -IC:/Ruby34-x64/include/ruby-3.4.0/x64-mingw-ucrt -IC:/Ruby34-x64/include/ruby-3.4.0/ruby/backward -IC:/Ruby34-x64/include/ruby-3.4.0 -I. -IC:/Users/georg_0mijctp/OneDrive/Desktop/photo_app/vendor/bundle/ruby/3.4.0/gems/prism-1.4.0/include -IC:/Users/georg_0mijctp/OneDrive/Desktop/photo_app/vendor/bundle/ruby/3.4.0/gems/prism-1.4.0/ext -D_WIN32_WINNT=0x0600 -D__MINGW_USE_VC2005_COMPAT -D_FILE_OFFSET_BITS=64  -O3 -fstack-protector-strong  -fvisibility=hidden -Werror -c conftest.c"
checked program was:
/* begin */
1: #include "ruby.h"
2: 
3: #include <winsock2.h>
4: #include <windows.h>
5: int main(int argc, char **argv)
6: {
7:   return !!argv[argc];
8: }
/* end */

--------------------

