append_cflags: checking for whether -Wall is accepted as CFLAGS... -------------------- yes

PATH=".;C:/Ruby34-x64/lib;C:\Ruby34-x64\bin;C:\Ruby34-x64\msys64\ucrt64\bin;C:\Ruby34-x64\msys64\usr\bin;C:\Ruby32-x64\bin;C:\Program Files (x86)\Common Files\Oracle\Java\javapath;C:\Program Files (x86)\Razer Chroma SDK\bin;C:\Program Files\Razer Chroma SDK\bin;C:\Program Files (x86)\Razer\ChromaBroadcast\bin;C:\Program Files\Razer\ChromaBroadcast\bin;C:\Windows\system32\config\systemprofile\AppData\Local\Microsoft\WindowsApps;C:\Program Files\NVIDIA Corporation\NVIDIA NvDLISR;C:\WINDOWS\system32;C:\WINDOWS;C:\WINDOWS\System32\Wbem;C:\WINDOWS\System32\WindowsPowerShell\v1.0\;C:\WINDOWS\System32\OpenSSH\;C:\Users\Georg\AppData\Local\Microsoft\WindowsApps;D:\Coding Software\;C:\WINDOWS\system32;C:\WINDOWS;C:\WINDOWS\System32\Wbem;C:\WINDOWS\System32\WindowsPowerShell\v1.0\;C:\WINDOWS\System32\OpenSSH\;C:\Program Files (x86)\NVIDIA Corporation\PhysX\Common;C:\Program Files\PowerShell\7\;C:\Program Files\dotnet\;C:\Program Files (x86)\Yarn\bin\;C:\Program Files\GitHub CLI\;C:\Program Files\Git\cmd;C:\Ruby34-x64\bin;C:\Ruby34-arm\bin;C:\Ruby33-x64\bin;C:\Ruby26-x64\bin;D:\Coding Software\Anaconda;D:\Coding Software\Anaconda\Library\mingw-w64\bin;D:\Coding Software\Anaconda\Library\usr\bin;D:\Coding Software\Anaconda\Library\bin;D:\Coding Software\Anaconda\Scripts;D:\Coding Software\Anaconda5;D:\Coding Software\Anaconda5\Library\mingw-w64\bin;D:\Coding Software\Anaconda5\Library\usr\bin;D:\Coding Software\Anaconda5\Library\bin;D:\Coding Software\Anaconda5\Scripts;C:\Users\georg_0mijctp\AppData\Local\Microsoft\WindowsApps;C:\Users\georg_0mijctp\AppData\Local\atom\bin;D:\Coding Software\Microsoft VS Code\bin;C:\Users\georg_0mijctp\AppData\Local\Microsoft\WindowsApps;C:\Users\georg_0mijctp\AppData\Local\Programs\MiKTeX\miktex\bin\x64\;C:\Users\georg_0mijctp\AppData\Local\Yarn\bin;C:\Users\georg_0mijctp\AppData\Roaming\npm;C:\Users\georg_0mijctp\AppData\Local\Programs\Git\cmd" ASAN_OPTIONS=detect_leaks=0 "gcc -o conftest.exe -IC:/Ruby34-x64/include/ruby-3.4.0/x64-mingw-ucrt -IC:/Ruby34-x64/include/ruby-3.4.0/ruby/backward -IC:/Ruby34-x64/include/ruby-3.4.0 -I. -D_WIN32_WINNT=0x0600 -D__MINGW_USE_VC2005_COMPAT -D_FILE_OFFSET_BITS=64  -O3 -fstack-protector-strong conftest.c -L. -LC:/Ruby34-x64/lib -L. -pipe -s -fstack-protector-strong -Wl,--no-as-needed     -lx64-ucrt-ruby340  -lshell32 -lws2_32 -liphlpapi -limagehlp -lshlwapi -lbcrypt  "
checked program was:
/* begin */
1: #include "ruby.h"
2: 
3: #include <winsock2.h>
4: #include <windows.h>
5: int main(int argc, char **argv)
6: {
7:   return !!argv[argc];
8: }
/* end */

PATH=".;C:/Ruby34-x64/lib;C:\Ruby34-x64\bin;C:\Ruby34-x64\msys64\ucrt64\bin;C:\Ruby34-x64\msys64\usr\bin;C:\Ruby32-x64\bin;C:\Program Files (x86)\Common Files\Oracle\Java\javapath;C:\Program Files (x86)\Razer Chroma SDK\bin;C:\Program Files\Razer Chroma SDK\bin;C:\Program Files (x86)\Razer\ChromaBroadcast\bin;C:\Program Files\Razer\ChromaBroadcast\bin;C:\Windows\system32\config\systemprofile\AppData\Local\Microsoft\WindowsApps;C:\Program Files\NVIDIA Corporation\NVIDIA NvDLISR;C:\WINDOWS\system32;C:\WINDOWS;C:\WINDOWS\System32\Wbem;C:\WINDOWS\System32\WindowsPowerShell\v1.0\;C:\WINDOWS\System32\OpenSSH\;C:\Users\Georg\AppData\Local\Microsoft\WindowsApps;D:\Coding Software\;C:\WINDOWS\system32;C:\WINDOWS;C:\WINDOWS\System32\Wbem;C:\WINDOWS\System32\WindowsPowerShell\v1.0\;C:\WINDOWS\System32\OpenSSH\;C:\Program Files (x86)\NVIDIA Corporation\PhysX\Common;C:\Program Files\PowerShell\7\;C:\Program Files\dotnet\;C:\Program Files (x86)\Yarn\bin\;C:\Program Files\GitHub CLI\;C:\Program Files\Git\cmd;C:\Ruby34-x64\bin;C:\Ruby34-arm\bin;C:\Ruby33-x64\bin;C:\Ruby26-x64\bin;D:\Coding Software\Anaconda;D:\Coding Software\Anaconda\Library\mingw-w64\bin;D:\Coding Software\Anaconda\Library\usr\bin;D:\Coding Software\Anaconda\Library\bin;D:\Coding Software\Anaconda\Scripts;D:\Coding Software\Anaconda5;D:\Coding Software\Anaconda5\Library\mingw-w64\bin;D:\Coding Software\Anaconda5\Library\usr\bin;D:\Coding Software\Anaconda5\Library\bin;D:\Coding Software\Anaconda5\Scripts;C:\Users\georg_0mijctp\AppData\Local\Microsoft\WindowsApps;C:\Users\georg_0mijctp\AppData\Local\atom\bin;D:\Coding Software\Microsoft VS Code\bin;C:\Users\georg_0mijctp\AppData\Local\Microsoft\WindowsApps;C:\Users\georg_0mijctp\AppData\Local\Programs\MiKTeX\miktex\bin\x64\;C:\Users\georg_0mijctp\AppData\Local\Yarn\bin;C:\Users\georg_0mijctp\AppData\Roaming\npm;C:\Users\georg_0mijctp\AppData\Local\Programs\Git\cmd" ASAN_OPTIONS=detect_leaks=0 "gcc -IC:/Ruby34-x64/include/ruby-3.4.0/x64-mingw-ucrt -IC:/Ruby34-x64/include/ruby-3.4.0/ruby/backward -IC:/Ruby34-x64/include/ruby-3.4.0 -I. -D_WIN32_WINNT=0x0600 -D__MINGW_USE_VC2005_COMPAT -D_FILE_OFFSET_BITS=64  -O3 -fstack-protector-strong  -Wall -Werror -c conftest.c"
checked program was:
/* begin */
1: #include "ruby.h"
2: 
3: #include <winsock2.h>
4: #include <windows.h>
5: int main(int argc, char **argv)
6: {
7:   return !!argv[argc];
8: }
/* end */

--------------------

append_cflags: checking for whether -O3 is accepted as CFLAGS... -------------------- yes

PATH=".;C:/Ruby34-x64/lib;C:\Ruby34-x64\bin;C:\Ruby34-x64\msys64\ucrt64\bin;C:\Ruby34-x64\msys64\usr\bin;C:\Ruby32-x64\bin;C:\Program Files (x86)\Common Files\Oracle\Java\javapath;C:\Program Files (x86)\Razer Chroma SDK\bin;C:\Program Files\Razer Chroma SDK\bin;C:\Program Files (x86)\Razer\ChromaBroadcast\bin;C:\Program Files\Razer\ChromaBroadcast\bin;C:\Windows\system32\config\systemprofile\AppData\Local\Microsoft\WindowsApps;C:\Program Files\NVIDIA Corporation\NVIDIA NvDLISR;C:\WINDOWS\system32;C:\WINDOWS;C:\WINDOWS\System32\Wbem;C:\WINDOWS\System32\WindowsPowerShell\v1.0\;C:\WINDOWS\System32\OpenSSH\;C:\Users\Georg\AppData\Local\Microsoft\WindowsApps;D:\Coding Software\;C:\WINDOWS\system32;C:\WINDOWS;C:\WINDOWS\System32\Wbem;C:\WINDOWS\System32\WindowsPowerShell\v1.0\;C:\WINDOWS\System32\OpenSSH\;C:\Program Files (x86)\NVIDIA Corporation\PhysX\Common;C:\Program Files\PowerShell\7\;C:\Program Files\dotnet\;C:\Program Files (x86)\Yarn\bin\;C:\Program Files\GitHub CLI\;C:\Program Files\Git\cmd;C:\Ruby34-x64\bin;C:\Ruby34-arm\bin;C:\Ruby33-x64\bin;C:\Ruby26-x64\bin;D:\Coding Software\Anaconda;D:\Coding Software\Anaconda\Library\mingw-w64\bin;D:\Coding Software\Anaconda\Library\usr\bin;D:\Coding Software\Anaconda\Library\bin;D:\Coding Software\Anaconda\Scripts;D:\Coding Software\Anaconda5;D:\Coding Software\Anaconda5\Library\mingw-w64\bin;D:\Coding Software\Anaconda5\Library\usr\bin;D:\Coding Software\Anaconda5\Library\bin;D:\Coding Software\Anaconda5\Scripts;C:\Users\georg_0mijctp\AppData\Local\Microsoft\WindowsApps;C:\Users\georg_0mijctp\AppData\Local\atom\bin;D:\Coding Software\Microsoft VS Code\bin;C:\Users\georg_0mijctp\AppData\Local\Microsoft\WindowsApps;C:\Users\georg_0mijctp\AppData\Local\Programs\MiKTeX\miktex\bin\x64\;C:\Users\georg_0mijctp\AppData\Local\Yarn\bin;C:\Users\georg_0mijctp\AppData\Roaming\npm;C:\Users\georg_0mijctp\AppData\Local\Programs\Git\cmd" ASAN_OPTIONS=detect_leaks=0 "gcc -IC:/Ruby34-x64/include/ruby-3.4.0/x64-mingw-ucrt -IC:/Ruby34-x64/include/ruby-3.4.0/ruby/backward -IC:/Ruby34-x64/include/ruby-3.4.0 -I. -D_WIN32_WINNT=0x0600 -D__MINGW_USE_VC2005_COMPAT -D_FILE_OFFSET_BITS=64  -O3 -fstack-protector-strong -Wall  -O3 -Werror -c conftest.c"
checked program was:
/* begin */
1: #include "ruby.h"
2: 
3: #include <winsock2.h>
4: #include <windows.h>
5: int main(int argc, char **argv)
6: {
7:   return !!argv[argc];
8: }
/* end */

--------------------

append_cflags: checking for whether -pedantic is accepted as CFLAGS... -------------------- no

PATH=".;C:/Ruby34-x64/lib;C:\Ruby34-x64\bin;C:\Ruby34-x64\msys64\ucrt64\bin;C:\Ruby34-x64\msys64\usr\bin;C:\Ruby32-x64\bin;C:\Program Files (x86)\Common Files\Oracle\Java\javapath;C:\Program Files (x86)\Razer Chroma SDK\bin;C:\Program Files\Razer Chroma SDK\bin;C:\Program Files (x86)\Razer\ChromaBroadcast\bin;C:\Program Files\Razer\ChromaBroadcast\bin;C:\Windows\system32\config\systemprofile\AppData\Local\Microsoft\WindowsApps;C:\Program Files\NVIDIA Corporation\NVIDIA NvDLISR;C:\WINDOWS\system32;C:\WINDOWS;C:\WINDOWS\System32\Wbem;C:\WINDOWS\System32\WindowsPowerShell\v1.0\;C:\WINDOWS\System32\OpenSSH\;C:\Users\Georg\AppData\Local\Microsoft\WindowsApps;D:\Coding Software\;C:\WINDOWS\system32;C:\WINDOWS;C:\WINDOWS\System32\Wbem;C:\WINDOWS\System32\WindowsPowerShell\v1.0\;C:\WINDOWS\System32\OpenSSH\;C:\Program Files (x86)\NVIDIA Corporation\PhysX\Common;C:\Program Files\PowerShell\7\;C:\Program Files\dotnet\;C:\Program Files (x86)\Yarn\bin\;C:\Program Files\GitHub CLI\;C:\Program Files\Git\cmd;C:\Ruby34-x64\bin;C:\Ruby34-arm\bin;C:\Ruby33-x64\bin;C:\Ruby26-x64\bin;D:\Coding Software\Anaconda;D:\Coding Software\Anaconda\Library\mingw-w64\bin;D:\Coding Software\Anaconda\Library\usr\bin;D:\Coding Software\Anaconda\Library\bin;D:\Coding Software\Anaconda\Scripts;D:\Coding Software\Anaconda5;D:\Coding Software\Anaconda5\Library\mingw-w64\bin;D:\Coding Software\Anaconda5\Library\usr\bin;D:\Coding Software\Anaconda5\Library\bin;D:\Coding Software\Anaconda5\Scripts;C:\Users\georg_0mijctp\AppData\Local\Microsoft\WindowsApps;C:\Users\georg_0mijctp\AppData\Local\atom\bin;D:\Coding Software\Microsoft VS Code\bin;C:\Users\georg_0mijctp\AppData\Local\Microsoft\WindowsApps;C:\Users\georg_0mijctp\AppData\Local\Programs\MiKTeX\miktex\bin\x64\;C:\Users\georg_0mijctp\AppData\Local\Yarn\bin;C:\Users\georg_0mijctp\AppData\Roaming\npm;C:\Users\georg_0mijctp\AppData\Local\Programs\Git\cmd" ASAN_OPTIONS=detect_leaks=0 "gcc -IC:/Ruby34-x64/include/ruby-3.4.0/x64-mingw-ucrt -IC:/Ruby34-x64/include/ruby-3.4.0/ruby/backward -IC:/Ruby34-x64/include/ruby-3.4.0 -I. -D_WIN32_WINNT=0x0600 -D__MINGW_USE_VC2005_COMPAT -D_FILE_OFFSET_BITS=64  -O3 -fstack-protector-strong -Wall -O3  -pedantic -Werror -c conftest.c"
In file included from C:/Ruby34-x64/include/ruby-3.4.0/ruby/internal/xmalloc.h:34,
                 from C:/Ruby34-x64/include/ruby-3.4.0/ruby/defines.h:71,
                 from C:/Ruby34-x64/include/ruby-3.4.0/ruby/ruby.h:25,
                 from C:/Ruby34-x64/include/ruby-3.4.0/ruby.h:38,
                 from conftest.c:1:
C:/Ruby34-x64/include/ruby-3.4.0/ruby/internal/attr/nodiscard.h:35:34: error: ISO C does not support '[[]]' attributes before C23 [-Werror=pedantic]
   35 | # define RBIMPL_ATTR_NODISCARD() [[nodiscard]]
      |                                  ^
C:/Ruby34-x64/include/ruby-3.4.0/ruby/internal/xmalloc.h:62:1: note: in expansion of macro 'RBIMPL_ATTR_NODISCARD'
   62 | RBIMPL_ATTR_NODISCARD()
      | ^~~~~~~~~~~~~~~~~~~~~
C:/Ruby34-x64/include/ruby-3.4.0/ruby/internal/attr/nodiscard.h:35:34: error: ISO C does not support '[[]]' attributes before C23 [-Werror=pedantic]
   35 | # define RBIMPL_ATTR_NODISCARD() [[nodiscard]]
      |                                  ^
C:/Ruby34-x64/include/ruby-3.4.0/ruby/internal/xmalloc.h:90:1: note: in expansion of macro 'RBIMPL_ATTR_NODISCARD'
   90 | RBIMPL_ATTR_NODISCARD()
      | ^~~~~~~~~~~~~~~~~~~~~
C:/Ruby34-x64/include/ruby-3.4.0/ruby/internal/attr/nodiscard.h:35:34: error: ISO C does not support '[[]]' attributes before C23 [-Werror=pedantic]
   35 | # define RBIMPL_ATTR_NODISCARD() [[nodiscard]]
      |                                  ^
C:/Ruby34-x64/include/ruby-3.4.0/ruby/internal/xmalloc.h:121:1: note: in expansion of macro 'RBIMPL_ATTR_NODISCARD'
  121 | RBIMPL_ATTR_NODISCARD()
      | ^~~~~~~~~~~~~~~~~~~~~
C:/Ruby34-x64/include/ruby-3.4.0/ruby/internal/attr/nodiscard.h:35:34: error: ISO C does not support '[[]]' attributes before C23 [-Werror=pedantic]
   35 | # define RBIMPL_ATTR_NODISCARD() [[nodiscard]]
      |                                  ^
C:/Ruby34-x64/include/ruby-3.4.0/ruby/internal/xmalloc.h:151:1: note: in expansion of macro 'RBIMPL_ATTR_NODISCARD'
  151 | RBIMPL_ATTR_NODISCARD()
      | ^~~~~~~~~~~~~~~~~~~~~
C:/Ruby34-x64/include/ruby-3.4.0/ruby/internal/attr/nodiscard.h:35:34: error: ISO C does not support '[[]]' attributes before C23 [-Werror=pedantic]
   35 | # define RBIMPL_ATTR_NODISCARD() [[nodiscard]]
      |                                  ^
C:/Ruby34-x64/include/ruby-3.4.0/ruby/internal/xmalloc.h:197:1: note: in expansion of macro 'RBIMPL_ATTR_NODISCARD'
  197 | RBIMPL_ATTR_NODISCARD()
      | ^~~~~~~~~~~~~~~~~~~~~
In file included from C:/Ruby34-x64/include/ruby-3.4.0/ruby/backward/2/attributes.h:38,
                 from C:/Ruby34-x64/include/ruby-3.4.0/ruby/defines.h:73:
C:/Ruby34-x64/include/ruby-3.4.0/ruby/internal/attr/maybe_unused.h:31:37: error: ISO C does not support '[[]]' attributes before C23 [-Werror=pedantic]
   31 | # define RBIMPL_ATTR_MAYBE_UNUSED() [[maybe_unused]]
      |                                     ^
C:/Ruby34-x64/include/ruby-3.4.0/ruby/internal/gc.h:748:5: note: in expansion of macro 'RBIMPL_ATTR_MAYBE_UNUSED'
  748 |     RBIMPL_ATTR_MAYBE_UNUSED()
      |     ^~~~~~~~~~~~~~~~~~~~~~~~
C:/Ruby34-x64/include/ruby-3.4.0/ruby/internal/attr/maybe_unused.h:31:37: error: ISO C does not support '[[]]' attributes before C23 [-Werror=pedantic]
   31 | # define RBIMPL_ATTR_MAYBE_UNUSED() [[maybe_unused]]
      |                                     ^
C:/Ruby34-x64/include/ruby-3.4.0/ruby/internal/gc.h:750:5: note: in expansion of macro 'RBIMPL_ATTR_MAYBE_UNUSED'
  750 |     RBIMPL_ATTR_MAYBE_UNUSED()
      |     ^~~~~~~~~~~~~~~~~~~~~~~~
C:/Ruby34-x64/include/ruby-3.4.0/ruby/internal/attr/maybe_unused.h:31:37: error: ISO C does not support '[[]]' attributes before C23 [-Werror=pedantic]
   31 | # define RBIMPL_ATTR_MAYBE_UNUSED() [[maybe_unused]]
      |                                     ^
C:/Ruby34-x64/include/ruby-3.4.0/ruby/internal/gc.h:776:5: note: in expansion of macro 'RBIMPL_ATTR_MAYBE_UNUSED'
  776 |     RBIMPL_ATTR_MAYBE_UNUSED()
      |     ^~~~~~~~~~~~~~~~~~~~~~~~
C:/Ruby34-x64/include/ruby-3.4.0/ruby/internal/attr/maybe_unused.h:31:37: error: ISO C does not support '[[]]' attributes before C23 [-Werror=pedantic]
   31 | # define RBIMPL_ATTR_MAYBE_UNUSED() [[maybe_unused]]
      |                                     ^
C:/Ruby34-x64/include/ruby-3.4.0/ruby/internal/gc.h:779:5: note: in expansion of macro 'RBIMPL_ATTR_MAYBE_UNUSED'
  779 |     RBIMPL_ATTR_MAYBE_UNUSED()
      |     ^~~~~~~~~~~~~~~~~~~~~~~~
C:/Ruby34-x64/include/ruby-3.4.0/ruby/internal/attr/maybe_unused.h:31:37: error: ISO C does not support '[[]]' attributes before C23 [-Werror=pedantic]
   31 | # define RBIMPL_ATTR_MAYBE_UNUSED() [[maybe_unused]]
      |                                     ^
C:/Ruby34-x64/include/ruby-3.4.0/ruby/internal/gc.h:781:5: note: in expansion of macro 'RBIMPL_ATTR_MAYBE_UNUSED'
  781 |     RBIMPL_ATTR_MAYBE_UNUSED()
      |     ^~~~~~~~~~~~~~~~~~~~~~~~
C:/Ruby34-x64/include/ruby-3.4.0/ruby/internal/attr/maybe_unused.h:31:37: error: ISO C does not support '[[]]' attributes before C23 [-Werror=pedantic]
   31 | # define RBIMPL_ATTR_MAYBE_UNUSED() [[maybe_unused]]
      |                                     ^
C:/Ruby34-x64/include/ruby-3.4.0/ruby/internal/gc.h:811:5: note: in expansion of macro 'RBIMPL_ATTR_MAYBE_UNUSED'
  811 |     RBIMPL_ATTR_MAYBE_UNUSED()
      |     ^~~~~~~~~~~~~~~~~~~~~~~~
C:/Ruby34-x64/include/ruby-3.4.0/ruby/internal/attr/maybe_unused.h:31:37: error: ISO C does not support '[[]]' attributes before C23 [-Werror=pedantic]
   31 | # define RBIMPL_ATTR_MAYBE_UNUSED() [[maybe_unused]]
      |                                     ^
C:/Ruby34-x64/include/ruby-3.4.0/ruby/internal/gc.h:813:5: note: in expansion of macro 'RBIMPL_ATTR_MAYBE_UNUSED'
  813 |     RBIMPL_ATTR_MAYBE_UNUSED()
      |     ^~~~~~~~~~~~~~~~~~~~~~~~
C:/Ruby34-x64/include/ruby-3.4.0/ruby/internal/attr/maybe_unused.h:31:37: error: ISO C does not support '[[]]' attributes before C23 [-Werror=pedantic]
   31 | # define RBIMPL_ATTR_MAYBE_UNUSED() [[maybe_unused]]
      |                                     ^
C:/Ruby34-x64/include/ruby-3.4.0/ruby/backward/2/attributes.h:159:28: note: in expansion of macro 'RBIMPL_ATTR_MAYBE_UNUSED'
  159 | #define RB_UNUSED_VAR(x) x RBIMPL_ATTR_MAYBE_UNUSED()
      |                            ^~~~~~~~~~~~~~~~~~~~~~~~
C:/Ruby34-x64/include/ruby-3.4.0/ruby/internal/scan_args.h:391:33: note: in expansion of macro 'RB_UNUSED_VAR'
  391 |                  VALUE *vars[], RB_UNUSED_VAR(const char *fmt), RB_UNUSED_VAR(int varc))
      |                                 ^~~~~~~~~~~~~
C:/Ruby34-x64/include/ruby-3.4.0/ruby/internal/attr/maybe_unused.h:31:37: error: ISO C does not support '[[]]' attributes before C23 [-Werror=pedantic]
   31 | # define RBIMPL_ATTR_MAYBE_UNUSED() [[maybe_unused]]
      |                                     ^
C:/Ruby34-x64/include/ruby-3.4.0/ruby/backward/2/attributes.h:159:28: note: in expansion of macro 'RBIMPL_ATTR_MAYBE_UNUSED'
  159 | #define RB_UNUSED_VAR(x) x RBIMPL_ATTR_MAYBE_UNUSED()
      |                            ^~~~~~~~~~~~~~~~~~~~~~~~
C:/Ruby34-x64/include/ruby-3.4.0/ruby/internal/scan_args.h:391:65: note: in expansion of macro 'RB_UNUSED_VAR'
  391 |                  VALUE *vars[], RB_UNUSED_VAR(const char *fmt), RB_UNUSED_VAR(int varc))
      |                                                                 ^~~~~~~~~~~~~
cc1.exe: all warnings being treated as errors
checked program was:
/* begin */
1: #include "ruby.h"
2: 
3: #include <winsock2.h>
4: #include <windows.h>
5: int main(int argc, char **argv)
6: {
7:   return !!argv[argc];
8: }
/* end */

--------------------

append_cflags: checking for whether -std=c99 is accepted as CFLAGS... -------------------- yes

PATH=".;C:/Ruby34-x64/lib;C:\Ruby34-x64\bin;C:\Ruby34-x64\msys64\ucrt64\bin;C:\Ruby34-x64\msys64\usr\bin;C:\Ruby32-x64\bin;C:\Program Files (x86)\Common Files\Oracle\Java\javapath;C:\Program Files (x86)\Razer Chroma SDK\bin;C:\Program Files\Razer Chroma SDK\bin;C:\Program Files (x86)\Razer\ChromaBroadcast\bin;C:\Program Files\Razer\ChromaBroadcast\bin;C:\Windows\system32\config\systemprofile\AppData\Local\Microsoft\WindowsApps;C:\Program Files\NVIDIA Corporation\NVIDIA NvDLISR;C:\WINDOWS\system32;C:\WINDOWS;C:\WINDOWS\System32\Wbem;C:\WINDOWS\System32\WindowsPowerShell\v1.0\;C:\WINDOWS\System32\OpenSSH\;C:\Users\Georg\AppData\Local\Microsoft\WindowsApps;D:\Coding Software\;C:\WINDOWS\system32;C:\WINDOWS;C:\WINDOWS\System32\Wbem;C:\WINDOWS\System32\WindowsPowerShell\v1.0\;C:\WINDOWS\System32\OpenSSH\;C:\Program Files (x86)\NVIDIA Corporation\PhysX\Common;C:\Program Files\PowerShell\7\;C:\Program Files\dotnet\;C:\Program Files (x86)\Yarn\bin\;C:\Program Files\GitHub CLI\;C:\Program Files\Git\cmd;C:\Ruby34-x64\bin;C:\Ruby34-arm\bin;C:\Ruby33-x64\bin;C:\Ruby26-x64\bin;D:\Coding Software\Anaconda;D:\Coding Software\Anaconda\Library\mingw-w64\bin;D:\Coding Software\Anaconda\Library\usr\bin;D:\Coding Software\Anaconda\Library\bin;D:\Coding Software\Anaconda\Scripts;D:\Coding Software\Anaconda5;D:\Coding Software\Anaconda5\Library\mingw-w64\bin;D:\Coding Software\Anaconda5\Library\usr\bin;D:\Coding Software\Anaconda5\Library\bin;D:\Coding Software\Anaconda5\Scripts;C:\Users\georg_0mijctp\AppData\Local\Microsoft\WindowsApps;C:\Users\georg_0mijctp\AppData\Local\atom\bin;D:\Coding Software\Microsoft VS Code\bin;C:\Users\georg_0mijctp\AppData\Local\Microsoft\WindowsApps;C:\Users\georg_0mijctp\AppData\Local\Programs\MiKTeX\miktex\bin\x64\;C:\Users\georg_0mijctp\AppData\Local\Yarn\bin;C:\Users\georg_0mijctp\AppData\Roaming\npm;C:\Users\georg_0mijctp\AppData\Local\Programs\Git\cmd" ASAN_OPTIONS=detect_leaks=0 "gcc -IC:/Ruby34-x64/include/ruby-3.4.0/x64-mingw-ucrt -IC:/Ruby34-x64/include/ruby-3.4.0/ruby/backward -IC:/Ruby34-x64/include/ruby-3.4.0 -I. -D_WIN32_WINNT=0x0600 -D__MINGW_USE_VC2005_COMPAT -D_FILE_OFFSET_BITS=64  -O3 -fstack-protector-strong -Wall -O3  -std=c99 -Werror -c conftest.c"
checked program was:
/* begin */
1: #include "ruby.h"
2: 
3: #include <winsock2.h>
4: #include <windows.h>
5: int main(int argc, char **argv)
6: {
7:   return !!argv[argc];
8: }
/* end */

--------------------

